0 info it worked if it ends with ok
1 verbose cli [ 'D:\\Program Files\\nodejs\\node.exe',
1 verbose cli   'D:\\Program Files\\nodejs\\node_modules\\npm\\bin\\npm-cli.js',
1 verbose cli   'run',
1 verbose cli   'start' ]
2 info using npm@3.10.9
3 info using node@v6.9.2
4 verbose run-script [ 'prestart', 'start', 'poststart' ]
5 info lifecycle js_multy@1.0.0~prestart: js_multy@1.0.0
6 silly lifecycle js_multy@1.0.0~prestart: no script for prestart, continuing
7 info lifecycle js_multy@1.0.0~start: js_multy@1.0.0
8 verbose lifecycle js_multy@1.0.0~start: unsafe-perm in lifecycle true
9 verbose lifecycle js_multy@1.0.0~start: PATH: D:\Program Files\nodejs\node_modules\npm\bin\node-gyp-bin;E:\Scr\SpaceMiner\node_modules\.bin;D:\WINDOWS\system32;D:\WINDOWS;D:\WINDOWS\System32\Wbem;D:\WINDOWS\System32\WindowsPowerShell\v1.0\;D:\Program Files\nodejs\;D:\Program Files\Git\cmd;E:\Utils10\WinPython-64bit-3.5.3.1Qt5\python-3.5.3.amd64\Scripts\;E:\Utils10\WinPython-64bit-3.5.3.1Qt5\python-3.5.3.amd64\;D:\Users\Ivan\AppData\Roaming\npm;E:\Utils10\Heroku\bin;D:\Users\Ivan\AppData\Local\Microsoft\WindowsApps;E:\Utils10\Microsoft VS Code\bin;
10 verbose lifecycle js_multy@1.0.0~start: CWD: E:\Scr\SpaceMiner
11 silly lifecycle js_multy@1.0.0~start: Args: [ '/d /s /c', 'node ./index.js' ]
12 verbose stack Error: kill ENOSYS
12 verbose stack     at exports._errnoException (util.js:1022:11)
12 verbose stack     at process.kill (internal/process.js:172:13)
12 verbose stack     at process.listener (D:\Program Files\nodejs\node_modules\npm\node_modules\npmlog\node_modules\gauge\node_modules\signal-exit\index.js:86:15)
12 verbose stack     at emitNone (events.js:91:20)
12 verbose stack     at process.emit (events.js:185:7)
12 verbose stack     at processEmit (D:\Program Files\nodejs\node_modules\npm\node_modules\npmlog\node_modules\gauge\node_modules\signal-exit\index.js:146:32)
12 verbose stack     at processEmit (D:\Program Files\nodejs\node_modules\npm\node_modules\npm-registry-client\node_modules\npmlog\node_modules\gauge\node_modules\signal-exit\index.js:146:32)
12 verbose stack     at Signal.wrap.onsignal (internal/process.js:199:44)
13 verbose cwd E:\Scr\SpaceMiner
14 error Windows_NT 10.0.15063
15 error argv "D:\\Program Files\\nodejs\\node.exe" "D:\\Program Files\\nodejs\\node_modules\\npm\\bin\\npm-cli.js" "run" "start"
16 error node v6.9.2
17 error npm  v3.10.9
18 error code ENOSYS
19 error errno ENOSYS
20 error syscall kill
21 error kill ENOSYS
22 error If you need help, you may report this error at:
22 error     <https://github.com/npm/npm/issues>
23 verbose exit [ 1, true ]
